[2022-11-23 10:59:58] local.ERROR: Uncaught InvalidArgumentException: Please provide a valid cache path. in C:\Users\Venz Carna\Documents\GitHub\CASALCO\vendor\laravel\framework\src\Illuminate\View\Compilers\Compiler.php:66
Stack trace:
#0 C:\Users\Venz Carna\Documents\GitHub\CASALCO\vendor\laravel\framework\src\Illuminate\View\ViewServiceProvider.php(93): Illuminate\View\Compilers\Compiler->__construct(Object(Illuminate\Filesystem\Filesystem), false, '', true, 'php')
#1 C:\Users\Venz Carna\Documents\GitHub\CASALCO\vendor\laravel\framework\src\Illuminate\Container\Container.php(871): Illuminate\View\ViewServiceProvider->Illuminate\View\{closure}(Object(Illuminate\Foundation\Application), Array)
#2 C:\Users\Venz Carna\Documents\GitHub\CASALCO\vendor\laravel\framework\src\Illuminate\Container\Container.php(756): Illuminate\Container\Container->build(Object(Closure))
#3 C:\Users\Venz Carna\Documents\GitHub\CASALCO\vendor\laravel\framework\src\Illuminate\Foundation\Application.php(860): Illuminate\Container\Container->resolve('blade.compiler', Array, true)
#4 C:\Users\Venz Carna\Documents\GitHub\CASALCO\vendor\laravel\framework\src\Illuminate\Container\Container.php(692): Illuminate\Foundation\Application->resolve('blade.compiler', Array)
#5 C:\Users\Venz Carna\Documents\GitHub\CASALCO\vendor\laravel\framework\src\Illuminate\Foundation\Application.php(845): Illuminate\Container\Container->make('blade.compiler', Array)
#6 C:\Users\Venz Carna\Documents\GitHub\CASALCO\vendor\laravel\framework\src\Illuminate\Foundation\helpers.php(119): Illuminate\Foundation\Application->make('blade.compiler', Array)
#7 Command line code(1): app('Illuminate\\View...')
#8 {main}
  thrown {"exception":"[object] (Symfony\\Component\\ErrorHandler\\Error\\FatalError(code: 0): Uncaught InvalidArgumentException: Please provide a valid cache path. in C:\\Users\\Venz Carna\\Documents\\GitHub\\CASALCO\\vendor\\laravel\\framework\\src\\Illuminate\\View\\Compilers\\Compiler.php:66
Stack trace:
#0 C:\\Users\\Venz Carna\\Documents\\GitHub\\CASALCO\\vendor\\laravel\\framework\\src\\Illuminate\\View\\ViewServiceProvider.php(93): Illuminate\\View\\Compilers\\Compiler->__construct(Object(Illuminate\\Filesystem\\Filesystem), false, '', true, 'php')
#1 C:\\Users\\Venz Carna\\Documents\\GitHub\\CASALCO\\vendor\\laravel\\framework\\src\\Illuminate\\Container\\Container.php(871): Illuminate\\View\\ViewServiceProvider->Illuminate\\View\\{closure}(Object(Illuminate\\Foundation\\Application), Array)
#2 C:\\Users\\Venz Carna\\Documents\\GitHub\\CASALCO\\vendor\\laravel\\framework\\src\\Illuminate\\Container\\Container.php(756): Illuminate\\Container\\Container->build(Object(Closure))
#3 C:\\Users\\Venz Carna\\Documents\\GitHub\\CASALCO\\vendor\\laravel\\framework\\src\\Illuminate\\Foundation\\Application.php(860): Illuminate\\Container\\Container->resolve('blade.compiler', Array, true)
#4 C:\\Users\\Venz Carna\\Documents\\GitHub\\CASALCO\\vendor\\laravel\\framework\\src\\Illuminate\\Container\\Container.php(692): Illuminate\\Foundation\\Application->resolve('blade.compiler', Array)
#5 C:\\Users\\Venz Carna\\Documents\\GitHub\\CASALCO\\vendor\\laravel\\framework\\src\\Illuminate\\Foundation\\Application.php(845): Illuminate\\Container\\Container->make('blade.compiler', Array)
#6 C:\\Users\\Venz Carna\\Documents\\GitHub\\CASALCO\\vendor\\laravel\\framework\\src\\Illuminate\\Foundation\\helpers.php(119): Illuminate\\Foundation\\Application->make('blade.compiler', Array)
#7 Command line code(1): app('Illuminate\\\\View...')
#8 {main}
  thrown at C:\\Users\\Venz Carna\\Documents\\GitHub\\CASALCO\\vendor\\laravel\\framework\\src\\Illuminate\\View\\Compilers\\Compiler.php:66)
[stacktrace]
#0 {main}
"} 
